<?xml version="1.0" encoding="UTF-8"?>
<!-- Generated by org.testng.reporters.JUnitReportReporter -->
<testsuite hostname="GeethaMounika" failures="0" tests="2" name="testcases.AddToCartJewelryTest" time="24.450" errors="0" timestamp="2025-03-23T21:19:07 IST" skipped="0">
  <testcase classname="testcases.AddToCartJewelryTest" name="purchaseJewelry" time="15.184"/>
  <system-out/>
  <testcase classname="testcases.AddToCartJewelryTest" name="checkOutTest" time="9.266"/>
  <system-out/>
</testsuite> <!-- testcases.AddToCartJewelryTest -->
