<?xml version="1.0" encoding="UTF-8"?>
<!-- Generated by org.testng.reporters.JUnitReportReporter -->
<testsuite hostname="GeethaMounika" failures="0" tests="1" name="myrunner.LoginStepsRunner" time="12.714" errors="0" timestamp="2025-03-26T12:41:44 IST" skipped="0">
  <testcase classname="myrunner.LoginStepsRunner" name="runScenario" time="12.714"/>
  <system-out/>
</testsuite> <!-- myrunner.LoginStepsRunner -->
