<?xml version="1.0" encoding="UTF-8"?>
<!-- Generated by org.testng.reporters.JUnitReportReporter -->
<testsuite hostname="GeethaMounika" failures="0" tests="1" name="testcases.RegisterTest" time="9.409" errors="0" timestamp="2025-03-21T15:12:43 IST" skipped="0">
  <testcase classname="testcases.RegisterTest" name="testRegisterPage" time="9.409"/>
  <system-out/>
</testsuite> <!-- testcases.RegisterTest -->
