<?xml version="1.0" encoding="UTF-8"?>
<!-- Generated by org.testng.reporters.JUnitReportReporter -->
<testsuite hostname="GeethaMounika" failures="0" tests="1" name="testcases.LoginPageTest" time="7.488" errors="0" timestamp="2025-03-26T01:14:18 IST" skipped="0">
  <testcase classname="testcases.LoginPageTest" name="loginTest" time="7.488"/>
  <system-out/>
</testsuite> <!-- testcases.LoginPageTest -->
