<?xml version="1.0" encoding="UTF-8"?>
<!-- Generated by org.testng.reporters.JUnitReportReporter -->
<testsuite hostname="GeethaMounika" failures="0" tests="1" name="testcases.RegisterTestForNewUser" time="14.329" errors="0" timestamp="2025-03-26T00:37:52 IST" skipped="0">
  <testcase classname="testcases.RegisterTestForNewUser" name="testRegisterPage" time="14.329"/>
  <system-out/>
</testsuite> <!-- testcases.RegisterTestForNewUser -->
