<?xml version="1.0" encoding="UTF-8"?>
<!-- Generated by org.testng.reporters.JUnitReportReporter -->
<testsuite hostname="GeethaMounika" failures="0" tests="1" name="testcases.CheckOutPageTest" time="46.626" errors="0" timestamp="2025-03-26T10:10:12 IST" skipped="0">
  <testcase classname="testcases.CheckOutPageTest" name="checkOutTest" time="46.626"/>
  <system-out/>
</testsuite> <!-- testcases.CheckOutPageTest -->
