<?xml version="1.0" encoding="UTF-8"?>
<!-- Generated by org.testng.reporters.JUnitReportReporter -->
<testsuite hostname="GeethaMounika" failures="0" tests="1" name="testcases.CheckOutPageTest" time="38.521" errors="0" timestamp="2025-03-23T22:51:27 IST" skipped="0">
  <testcase classname="testcases.CheckOutPageTest" name="checkOutTest" time="38.521"/>
  <system-out/>
</testsuite> <!-- testcases.CheckOutPageTest -->
