<?xml version="1.0" encoding="UTF-8"?>
<!-- Generated by org.testng.reporters.JUnitReportReporter -->
<testsuite hostname="GeethaMounika" failures="0" tests="1" name="testcases.PurchaseJewelryTest" time="9.409" errors="0" timestamp="2025-03-19T11:43:18 IST" skipped="0">
  <testcase classname="testcases.PurchaseJewelryTest" name="purchaseJewelry" time="9.409"/>
  <system-out/>
</testsuite> <!-- testcases.PurchaseJewelryTest -->
