<?xml version="1.0" encoding="UTF-8"?>
<!-- Generated by org.testng.reporters.JUnitReportReporter -->
<testsuite hostname="GeethaMounika" failures="0" tests="1" name="myrunner.LoginStepsRunner" time="13.685" errors="0" timestamp="2025-03-22T19:07:42 IST" skipped="0">
  <testcase classname="myrunner.LoginStepsRunner" name="runScenario" time="13.685"/>
  <system-out/>
</testsuite> <!-- myrunner.LoginStepsRunner -->
