<?xml version="1.0" encoding="UTF-8"?>
<!-- Generated by org.testng.reporters.JUnitReportReporter -->
<testsuite hostname="GeethaMounika" failures="0" tests="1" name="testcases.LogoutWithValidLogin" time="10.207" errors="0" timestamp="2025-03-26T12:41:44 IST" skipped="0">
  <testcase classname="testcases.LogoutWithValidLogin" name="logoutTest" time="10.207"/>
  <system-out/>
</testsuite> <!-- testcases.LogoutWithValidLogin -->
