<?xml version="1.0" encoding="UTF-8"?>
<!-- Generated by org.testng.reporters.JUnitReportReporter -->
<testsuite hostname="GeethaMounika" failures="0" tests="1" name="testcases.CheckOutPageTest" time="43.754" errors="0" timestamp="2025-03-26T12:41:44 IST" skipped="0">
  <testcase classname="testcases.CheckOutPageTest" name="checkOutTest" time="43.754"/>
  <system-out/>
</testsuite> <!-- testcases.CheckOutPageTest -->
