<?xml version="1.0" encoding="UTF-8"?>
<!-- Generated by org.testng.reporters.JUnitReportReporter -->
<testsuite hostname="GeethaMounika" failures="0" tests="1" name="myrunner.RemoveJewelryFromCartRunner" time="33.549" errors="0" timestamp="2025-03-26T12:43:29 IST" skipped="0">
  <testcase classname="myrunner.RemoveJewelryFromCartRunner" name="runScenario" time="33.549"/>
  <system-out/>
</testsuite> <!-- myrunner.RemoveJewelryFromCartRunner -->
