<?xml version="1.0" encoding="UTF-8"?>
<!-- Generated by org.testng.reporters.JUnitReportReporter -->
<testsuite hostname="GeethaMounika" failures="0" tests="1" name="testcases.LogoutWithValidLogin" time="8.752" errors="0" timestamp="2025-03-26T01:17:28 IST" skipped="0">
  <testcase classname="testcases.LogoutWithValidLogin" name="logoutTest" time="8.752"/>
  <system-out/>
</testsuite> <!-- testcases.LogoutWithValidLogin -->
