<?xml version="1.0" encoding="UTF-8"?>
<!-- Generated by org.testng.reporters.JUnitReportReporter -->
<testsuite hostname="GeethaMounika" failures="0" tests="1" name="testcases.AddToCartJewelryTest" time="15.378" errors="0" timestamp="2025-03-26T01:35:28 IST" skipped="0">
  <testcase classname="testcases.AddToCartJewelryTest" name="purchaseJewelry" time="15.378"/>
  <system-out/>
</testsuite> <!-- testcases.AddToCartJewelryTest -->
