<?xml version="1.0" encoding="UTF-8"?>
<!-- Generated by org.testng.reporters.JUnitReportReporter -->
<testsuite hostname="GeethaMounika" failures="0" tests="1" name="testcases.LoginPageTest" time="10.714" errors="0" timestamp="2025-03-22T15:05:08 IST" skipped="0">
  <testcase classname="testcases.LoginPageTest" name="loginTest" time="10.714"/>
  <system-out/>
</testsuite> <!-- testcases.LoginPageTest -->
