<?xml version="1.0" encoding="UTF-8"?>
<!-- Generated by org.testng.reporters.JUnitReportReporter -->
<testsuite hostname="GeethaMounika" failures="0" tests="1" name="myrunner.RemoveJewelryFromCartRunner" time="35.745" errors="0" timestamp="2025-03-26T13:00:35 IST" skipped="0">
  <testcase classname="myrunner.RemoveJewelryFromCartRunner" name="runScenario" time="35.745"/>
  <system-out/>
</testsuite> <!-- myrunner.RemoveJewelryFromCartRunner -->
