<?xml version="1.0" encoding="UTF-8"?>
<!-- Generated by org.testng.reporters.JUnitReportReporter -->
<testsuite hostname="GeethaMounika" failures="0" tests="1" name="testcases.AddToCartJewelryTest" time="24.999" errors="0" timestamp="2025-03-26T13:00:35 IST" skipped="0">
  <testcase classname="testcases.AddToCartJewelryTest" name="purchaseJewelry" time="24.999"/>
  <system-out/>
</testsuite> <!-- testcases.AddToCartJewelryTest -->
