<?xml version="1.0" encoding="UTF-8"?>
<!-- Generated by org.testng.reporters.JUnitReportReporter -->
<testsuite hostname="GeethaMounika" failures="0" tests="1" name="testcases.CheckOutPageTest" time="38.198" errors="0" timestamp="2025-03-26T01:17:28 IST" skipped="0">
  <testcase classname="testcases.CheckOutPageTest" name="checkOutTest" time="38.198"/>
  <system-out/>
</testsuite> <!-- testcases.CheckOutPageTest -->
