<?xml version="1.0" encoding="UTF-8"?>
<!-- Generated by org.testng.reporters.JUnitReportReporter -->
<testsuite hostname="GeethaMounika" failures="0" tests="1" name="testcases.LoginPageTest" time="8.060" errors="0" timestamp="2025-03-26T01:35:27 IST" skipped="0">
  <testcase classname="testcases.LoginPageTest" name="loginTest" time="8.060"/>
  <system-out/>
</testsuite> <!-- testcases.LoginPageTest -->
