<?xml version="1.0" encoding="UTF-8"?>
<!-- Generated by org.testng.reporters.JUnitReportReporter -->
<testsuite hostname="GeethaMounika" failures="0" tests="1" name="testcases.AddToCartJewelryTest" time="23.440" errors="0" timestamp="2025-03-22T19:38:34 IST" skipped="0">
  <testcase classname="testcases.AddToCartJewelryTest" name="purchaseJewelry" time="23.440"/>
  <system-out/>
</testsuite> <!-- testcases.AddToCartJewelryTest -->
