<?xml version="1.0" encoding="UTF-8"?>
<!-- Generated by org.testng.reporters.JUnitReportReporter -->
<testsuite hostname="GeethaMounika" failures="0" tests="1" name="testcases.RegisterTestForNewUser" time="14.201" errors="0" timestamp="2025-03-26T00:46:26 IST" skipped="0">
  <testcase classname="testcases.RegisterTestForNewUser" name="testRegisterPage" time="14.201"/>
  <system-out/>
</testsuite> <!-- testcases.RegisterTestForNewUser -->
