<?xml version="1.0" encoding="UTF-8"?>
<!-- Generated by org.testng.reporters.JUnitReportReporter -->
<testsuite hostname="GeethaMounika" failures="0" tests="1" name="testcases.RegisterTest" time="10.573" errors="0" timestamp="2025-03-21T10:23:41 IST" skipped="0">
  <testcase classname="testcases.RegisterTest" name="testRegisterPage" time="10.573"/>
  <system-out/>
</testsuite> <!-- testcases.RegisterTest -->
